2024-05-02 18:53:49:5349 [32minfo[39m: [32mServer is running on port 3001[39m
2024-05-02 18:54:07:547 [35mhttp[39m: [35m::1 GET /products/ingredients?exclude=duck,fish 304 - - 7647.431 ms[39m
[35m[39m
2024-05-02 18:54:35:5435 [35mhttp[39m: [35m::1 GET /products/ingredients?exclude=duck,fish,chicken 200 2539746 - 12176.933 ms[39m
[35m[39m
2024-05-02 18:55:10:5510 [35mhttp[39m: [35m::1 GET /products/ingredients?exclude=chicken 200 2605999 - 3872.298 ms[39m
[35m[39m
2024-05-02 18:56:31:5631 [32minfo[39m: [32mServer is running on port 3001[39m
2024-05-02 18:57:10:5710 [35mhttp[39m: [35m::1 GET /products/ingredients?exclude=chicken 304 - - 3783.883 ms[39m
[35m[39m
2024-05-02 18:58:13:5813 [32minfo[39m: [32mServer is running on port 3001[39m
2024-05-02 18:58:21:5821 [35mhttp[39m: [35m::1 GET /products/ingredients?exclude=chicken 304 - - 5392.107 ms[39m
[35m[39m
2024-05-02 18:59:26:5926 [35mhttp[39m: [35m::1 GET /products/ingredients?include=fish,duck&exclude=chicken 200 2473 - 7236.455 ms[39m
[35m[39m
2024-05-02 19:11:00:110 [32minfo[39m: [32mServer is running on port 3001[39m
2024-05-03 12:12:12:1212 [32minfo[39m: [32mServer is running on port 3001[39m
2024-05-03 12:13:06:136 [35mhttp[39m: [35m::1 GET /products 200 2938105 - 408.255 ms[39m
[35m[39m
2024-05-03 12:13:59:1359 [35mhttp[39m: [35m::1 GET /products 304 - - 1271.285 ms[39m
[35m[39m
2024-05-03 12:14:03:143 [35mhttp[39m: [35m::1 GET /products 304 - - 217.667 ms[39m
[35m[39m
2024-05-03 12:14:03:143 [35mhttp[39m: [35m::1 GET /products 304 - - 337.780 ms[39m
[35m[39m
2024-05-03 13:08:52:852 [35mhttp[39m: [35m::1 GET /products 200 2938105 - 3458.036 ms[39m
[35m[39m
2024-05-03 13:08:53:853 [35mhttp[39m: [35m::1 GET /products 304 - - 83.616 ms[39m
[35m[39m
2024-05-03 13:43:22:4322 [35mhttp[39m: [35m::1 GET /products 304 - - 220.641 ms[39m
[35m[39m
2024-05-03 13:43:22:4322 [35mhttp[39m: [35m::1 GET /products 304 - - 88.185 ms[39m
[35m[39m
2024-05-03 14:00:25:025 [35mhttp[39m: [35m::1 GET /products 200 2938105 - 2098.768 ms[39m
[35m[39m
2024-05-03 14:00:25:025 [35mhttp[39m: [35m::1 GET /products 304 - - 413.520 ms[39m
[35m[39m
2024-05-03 14:08:44:844 [35mhttp[39m: [35m::1 GET /products 304 - - 445.697 ms[39m
[35m[39m
2024-05-03 14:08:44:844 [35mhttp[39m: [35m::1 GET /products 304 - - 149.656 ms[39m
[35m[39m
2024-05-03 14:11:01:111 [35mhttp[39m: [35m::1 GET /products 304 - - 554.988 ms[39m
[35m[39m
2024-05-03 14:11:01:111 [35mhttp[39m: [35m::1 GET /products 304 - - 162.668 ms[39m
[35m[39m
2024-05-03 14:19:04:194 [35mhttp[39m: [35m::1 GET /products 304 - - 5549.692 ms[39m
[35m[39m
2024-05-03 14:19:05:195 [35mhttp[39m: [35m::1 GET /products 304 - - 246.068 ms[39m
[35m[39m
2024-05-03 14:22:41:2241 [35mhttp[39m: [35m::1 GET /products 304 - - 3993.252 ms[39m
[35m[39m
2024-05-03 14:22:42:2242 [35mhttp[39m: [35m::1 GET /products 304 - - 565.770 ms[39m
[35m[39m
2024-05-03 14:35:47:3547 [35mhttp[39m: [35m::1 GET /products 200 2938105 - 1052.633 ms[39m
[35m[39m
2024-05-03 14:35:47:3547 [35mhttp[39m: [35m::1 GET /products 304 - - 272.328 ms[39m
[35m[39m
2024-05-03 14:35:59:3559 [35mhttp[39m: [35m::1 GET /products 304 - - 393.243 ms[39m
[35m[39m
2024-05-03 14:36:00:360 [35mhttp[39m: [35m::1 GET /products 304 - - 167.867 ms[39m
[35m[39m
2024-05-03 14:37:28:3728 [35mhttp[39m: [35m::1 GET /products 304 - - 446.907 ms[39m
[35m[39m
2024-05-03 14:37:29:3729 [35mhttp[39m: [35m::1 GET /products 304 - - 159.099 ms[39m
[35m[39m
2024-05-03 14:39:13:3913 [35mhttp[39m: [35m::1 GET /products 304 - - 372.735 ms[39m
[35m[39m
2024-05-03 14:39:13:3913 [35mhttp[39m: [35m::1 GET /products 304 - - 297.123 ms[39m
[35m[39m
2024-05-03 14:39:19:3919 [35mhttp[39m: [35m::1 GET /products 304 - - 209.140 ms[39m
[35m[39m
2024-05-03 14:39:19:3919 [35mhttp[39m: [35m::1 GET /products 304 - - 206.357 ms[39m
[35m[39m
2024-05-03 14:42:50:4250 [35mhttp[39m: [35m::1 GET /products 304 - - 382.874 ms[39m
[35m[39m
2024-05-03 14:42:50:4250 [35mhttp[39m: [35m::1 GET /products 304 - - 140.698 ms[39m
[35m[39m
2024-05-03 14:45:34:4534 [35mhttp[39m: [35m::1 GET /products 304 - - 3281.507 ms[39m
[35m[39m
2024-05-03 14:45:34:4534 [35mhttp[39m: [35m::1 GET /products 304 - - 232.173 ms[39m
[35m[39m
2024-05-03 14:46:26:4626 [35mhttp[39m: [35m::1 GET /products 304 - - 1693.492 ms[39m
[35m[39m
2024-05-03 14:46:26:4626 [35mhttp[39m: [35m::1 GET /products 304 - - 274.002 ms[39m
[35m[39m
2024-05-03 14:49:00:490 [35mhttp[39m: [35m::1 GET /products 304 - - 1135.486 ms[39m
[35m[39m
2024-05-03 14:49:00:490 [35mhttp[39m: [35m::1 GET /products 304 - - 95.319 ms[39m
[35m[39m
2024-05-03 14:49:50:4950 [35mhttp[39m: [35m::1 GET /products 304 - - 1230.239 ms[39m
[35m[39m
2024-05-03 14:49:50:4950 [35mhttp[39m: [35m::1 GET /products 304 - - 438.191 ms[39m
[35m[39m
2024-05-03 14:59:51:5951 [35mhttp[39m: [35m::1 GET /products 304 - - 3417.678 ms[39m
[35m[39m
2024-05-03 14:59:51:5951 [35mhttp[39m: [35m::1 GET /products 304 - - 493.515 ms[39m
[35m[39m
2024-05-03 15:00:23:023 [35mhttp[39m: [35m::1 GET /products 304 - - 6962.444 ms[39m
[35m[39m
2024-05-03 15:00:26:026 [35mhttp[39m: [35m::1 GET /products 304 - - 2172.313 ms[39m
[35m[39m
2024-05-03 15:11:47:1147 [35mhttp[39m: [35m::1 GET /products 304 - - 1155.753 ms[39m
[35m[39m
2024-05-03 15:11:48:1148 [35mhttp[39m: [35m::1 GET /products 304 - - 179.820 ms[39m
[35m[39m
2024-05-03 15:50:52:5052 [35mhttp[39m: [35m::1 GET /products 304 - - 1841.301 ms[39m
[35m[39m
2024-05-03 15:50:52:5052 [35mhttp[39m: [35m::1 GET /products 304 - - 204.446 ms[39m
[35m[39m
2024-05-03 16:01:24:124 [35mhttp[39m: [35m::1 GET /products 304 - - 1654.162 ms[39m
[35m[39m
2024-05-03 16:01:24:124 [35mhttp[39m: [35m::1 GET /products 304 - - 229.108 ms[39m
[35m[39m
2024-05-03 16:14:14:1414 [35mhttp[39m: [35m::1 GET /products 304 - - 2205.721 ms[39m
[35m[39m
2024-05-03 16:14:14:1414 [35mhttp[39m: [35m::1 GET /products 304 - - 156.811 ms[39m
[35m[39m
2024-05-03 16:14:42:1442 [35mhttp[39m: [35m::1 GET /products 304 - - 624.309 ms[39m
[35m[39m
2024-05-03 16:14:42:1442 [35mhttp[39m: [35m::1 GET /products 304 - - 124.333 ms[39m
[35m[39m
2024-05-03 16:14:45:1445 [35mhttp[39m: [35m::1 GET /products 304 - - 85.999 ms[39m
[35m[39m
2024-05-03 16:14:45:1445 [35mhttp[39m: [35m::1 GET /products 304 - - 94.205 ms[39m
[35m[39m
2024-05-03 16:15:35:1535 [35mhttp[39m: [35m::1 GET /products 304 - - 1196.047 ms[39m
[35m[39m
2024-05-03 16:15:35:1535 [35mhttp[39m: [35m::1 GET /products 304 - - 392.726 ms[39m
[35m[39m
2024-05-03 16:19:24:1924 [35mhttp[39m: [35m::1 GET /products 304 - - 2304.139 ms[39m
[35m[39m
2024-05-03 16:19:24:1924 [35mhttp[39m: [35m::1 GET /products 304 - - 456.859 ms[39m
[35m[39m
2024-05-03 16:22:35:2235 [35mhttp[39m: [35m::1 GET /products 304 - - 1663.417 ms[39m
[35m[39m
2024-05-03 16:22:35:2235 [35mhttp[39m: [35m::1 GET /products 304 - - 380.805 ms[39m
[35m[39m
2024-05-03 16:22:40:2240 [35mhttp[39m: [35m::1 GET /products 304 - - 264.203 ms[39m
[35m[39m
2024-05-03 16:22:40:2240 [35mhttp[39m: [35m::1 GET /products 304 - - 284.627 ms[39m
[35m[39m
2024-05-03 16:22:45:2245 [35mhttp[39m: [35m::1 GET /products 304 - - 659.928 ms[39m
[35m[39m
2024-05-03 16:22:46:2246 [35mhttp[39m: [35m::1 GET /products 304 - - 354.204 ms[39m
[35m[39m
2024-05-03 16:28:58:2858 [35mhttp[39m: [35m::1 GET /products 304 - - 1342.986 ms[39m
[35m[39m
2024-05-03 16:28:58:2858 [35mhttp[39m: [35m::1 GET /products 304 - - 334.972 ms[39m
[35m[39m
2024-05-03 16:29:33:2933 [35mhttp[39m: [35m::1 GET /products - - - - ms[39m
[35m[39m
2024-05-03 16:29:35:2935 [35mhttp[39m: [35m::1 GET /products 200 2938105 - 235.210 ms[39m
[35m[39m
2024-05-03 16:29:35:2935 [35mhttp[39m: [35m::1 GET /products 304 - - 188.909 ms[39m
[35m[39m
2024-05-03 16:29:53:2953 [35mhttp[39m: [35m::1 GET /products 304 - - 449.671 ms[39m
[35m[39m
2024-05-03 16:29:54:2954 [35mhttp[39m: [35m::1 GET /products 304 - - 338.175 ms[39m
[35m[39m
2024-05-03 16:31:17:3117 [35mhttp[39m: [35m::1 GET /products 304 - - 884.365 ms[39m
[35m[39m
2024-05-03 16:31:18:3118 [35mhttp[39m: [35m::1 GET /products 304 - - 579.896 ms[39m
[35m[39m
2024-05-03 16:31:26:3126 [35mhttp[39m: [35m::1 GET /products 304 - - 348.944 ms[39m
[35m[39m
2024-05-03 16:31:26:3126 [35mhttp[39m: [35m::1 GET /products 304 - - 110.407 ms[39m
[35m[39m
2024-05-03 16:31:35:3135 [35mhttp[39m: [35m::1 GET /products 304 - - 154.785 ms[39m
[35m[39m
2024-05-03 16:31:35:3135 [35mhttp[39m: [35m::1 GET /products 304 - - 458.563 ms[39m
[35m[39m
2024-05-03 16:33:20:3320 [35mhttp[39m: [35m::1 GET /products 304 - - 610.365 ms[39m
[35m[39m
2024-05-03 16:33:21:3321 [35mhttp[39m: [35m::1 GET /products 304 - - 685.306 ms[39m
[35m[39m
2024-05-03 16:33:27:3327 [35mhttp[39m: [35m::1 GET /products 304 - - 197.613 ms[39m
[35m[39m
2024-05-03 16:33:27:3327 [35mhttp[39m: [35m::1 GET /products 304 - - 95.493 ms[39m
[35m[39m
2024-05-03 16:37:48:3748 [35mhttp[39m: [35m::1 GET /products 304 - - 321.357 ms[39m
[35m[39m
2024-05-03 16:37:48:3748 [35mhttp[39m: [35m::1 GET /products 304 - - 139.690 ms[39m
[35m[39m
2024-05-03 16:40:41:4041 [35mhttp[39m: [35m::1 GET /products 304 - - 479.147 ms[39m
[35m[39m
2024-05-03 16:40:41:4041 [35mhttp[39m: [35m::1 GET /products 304 - - 158.720 ms[39m
[35m[39m
2024-05-03 16:41:58:4158 [35mhttp[39m: [35m::1 GET /products 304 - - 1895.708 ms[39m
[35m[39m
2024-05-03 16:41:59:4159 [35mhttp[39m: [35m::1 GET /products 304 - - 350.345 ms[39m
[35m[39m
2024-05-03 17:10:04:104 [35mhttp[39m: [35m::1 GET /products 304 - - 1752.276 ms[39m
[35m[39m
2024-05-03 17:10:05:105 [35mhttp[39m: [35m::1 GET /products 304 - - 198.235 ms[39m
[35m[39m
2024-05-03 17:10:12:1012 [35mhttp[39m: [35m::1 GET /products 304 - - 303.676 ms[39m
[35m[39m
2024-05-03 17:10:12:1012 [35mhttp[39m: [35m::1 GET /products 304 - - 142.290 ms[39m
[35m[39m
2024-05-03 17:10:54:1054 [35mhttp[39m: [35m::1 GET /products 304 - - 753.946 ms[39m
[35m[39m
2024-05-03 17:10:54:1054 [35mhttp[39m: [35m::1 GET /products 304 - - 149.566 ms[39m
[35m[39m
2024-05-03 17:13:30:1330 [35mhttp[39m: [35m::1 GET /products 304 - - 1052.498 ms[39m
[35m[39m
2024-05-03 17:13:30:1330 [35mhttp[39m: [35m::1 GET /products 304 - - 163.569 ms[39m
[35m[39m
2024-05-03 17:21:47:2147 [35mhttp[39m: [35m::1 GET /products 304 - - 1195.986 ms[39m
[35m[39m
2024-05-03 17:21:47:2147 [35mhttp[39m: [35m::1 GET /products 304 - - 322.780 ms[39m
[35m[39m
2024-05-03 17:22:19:2219 [35mhttp[39m: [35m::1 GET /products 304 - - 421.609 ms[39m
[35m[39m
2024-05-03 17:22:19:2219 [35mhttp[39m: [35m::1 GET /products 304 - - 78.509 ms[39m
[35m[39m
2024-05-03 17:22:56:2256 [35mhttp[39m: [35m::1 GET /products 304 - - 264.181 ms[39m
[35m[39m
2024-05-03 17:22:57:2257 [35mhttp[39m: [35m::1 GET /products 304 - - 189.999 ms[39m
[35m[39m
2024-05-03 17:26:04:264 [35mhttp[39m: [35m::1 GET /products 304 - - 730.244 ms[39m
[35m[39m
2024-05-03 17:26:04:264 [35mhttp[39m: [35m::1 GET /products 304 - - 189.998 ms[39m
[35m[39m
2024-05-03 17:32:20:3220 [35mhttp[39m: [35m::1 GET /products 304 - - 2358.670 ms[39m
[35m[39m
2024-05-03 17:32:21:3221 [35mhttp[39m: [35m::1 GET /products 304 - - 226.736 ms[39m
[35m[39m
2024-05-03 17:34:35:3435 [35mhttp[39m: [35m::1 GET /products 304 - - 434.523 ms[39m
[35m[39m
2024-05-03 17:34:35:3435 [35mhttp[39m: [35m::1 GET /products 304 - - 214.864 ms[39m
[35m[39m
2024-05-03 17:36:36:3636 [35mhttp[39m: [35m::1 GET /products 304 - - 1716.103 ms[39m
[35m[39m
2024-05-03 17:36:37:3637 [35mhttp[39m: [35m::1 GET /products 304 - - 188.527 ms[39m
[35m[39m
2024-05-03 17:42:54:4254 [35mhttp[39m: [35m::1 GET /products 304 - - 1735.615 ms[39m
[35m[39m
2024-05-03 17:42:54:4254 [35mhttp[39m: [35m::1 GET /products 304 - - 195.436 ms[39m
[35m[39m
2024-05-03 17:47:42:4742 [32minfo[39m: [32mServer is running on port 3001[39m
2024-05-03 17:47:44:4744 [35mhttp[39m: [35m::1 GET /products 304 - - 513.637 ms[39m
[35m[39m
2024-05-03 17:47:45:4745 [35mhttp[39m: [35m::1 GET /products 304 - - 256.233 ms[39m
[35m[39m
2024-05-03 17:47:53:4753 [35mhttp[39m: [35m::1 GET /products 304 - - 306.643 ms[39m
[35m[39m
2024-05-03 17:47:53:4753 [35mhttp[39m: [35m::1 GET /products 304 - - 131.391 ms[39m
[35m[39m
2024-05-03 18:19:53:1953 [35mhttp[39m: [35m::1 GET /products 200 2938105 - 7346.338 ms[39m
[35m[39m
2024-05-03 18:19:55:1955 [35mhttp[39m: [35m::1 GET /products 304 - - 1914.627 ms[39m
[35m[39m
2024-05-03 18:20:06:206 [35mhttp[39m: [35m::1 GET /products 304 - - 209.399 ms[39m
[35m[39m
2024-05-03 18:20:09:209 [35mhttp[39m: [35m::1 GET /products 304 - - 2300.529 ms[39m
[35m[39m
2024-05-03 19:11:43:1143 [35mhttp[39m: [35m::1 GET /products 200 2938105 - 1551.329 ms[39m
[35m[39m
2024-05-03 19:11:43:1143 [35mhttp[39m: [35m::1 GET /products 304 - - 336.225 ms[39m
[35m[39m
2024-05-03 19:11:48:1148 [35mhttp[39m: [35m::1 GET /products 304 - - 247.304 ms[39m
[35m[39m
2024-05-03 19:11:48:1148 [35mhttp[39m: [35m::1 GET /products 304 - - 239.139 ms[39m
[35m[39m
2024-05-03 19:16:58:1658 [35mhttp[39m: [35m::1 GET /products 304 - - 13442.335 ms[39m
[35m[39m
2024-05-03 19:16:58:1658 [35mhttp[39m: [35m::1 GET /products 304 - - 299.772 ms[39m
[35m[39m
2024-05-03 19:16:59:1659 [35mhttp[39m: [35m::1 GET /products 304 - - 654.297 ms[39m
[35m[39m
2024-05-03 19:18:27:1827 [35mhttp[39m: [35m::1 GET /products 304 - - 1136.760 ms[39m
[35m[39m
2024-05-03 19:18:28:1828 [35mhttp[39m: [35m::1 GET /products 304 - - 944.339 ms[39m
[35m[39m
2024-05-03 19:18:34:1834 [35mhttp[39m: [35m::1 GET /products 304 - - 127.621 ms[39m
[35m[39m
2024-05-03 19:18:52:1852 [35mhttp[39m: [35m::1 GET /products 304 - - 2341.400 ms[39m
[35m[39m
2024-05-03 19:18:55:1855 [35mhttp[39m: [35m::1 GET /products 304 - - 227.353 ms[39m
[35m[39m
2024-05-03 19:19:42:1942 [35mhttp[39m: [35m::1 GET /products 304 - - 577.846 ms[39m
[35m[39m
2024-05-03 19:19:58:1958 [35mhttp[39m: [35m::1 GET /products 304 - - 436.417 ms[39m
[35m[39m
2024-05-03 19:21:18:2118 [35mhttp[39m: [35m::1 GET /products 304 - - 198.400 ms[39m
[35m[39m
2024-05-03 19:33:46:3346 [35mhttp[39m: [35m::1 GET /products 200 2938105 - 5408.862 ms[39m
[35m[39m
2024-05-03 19:33:46:3346 [35mhttp[39m: [35m::1 GET /products 304 - - 340.150 ms[39m
[35m[39m
2024-05-03 19:34:30:3430 [35mhttp[39m: [35m::1 GET /products 304 - - 597.980 ms[39m
[35m[39m
2024-05-03 19:34:46:3446 [35mhttp[39m: [35m::1 GET /products 304 - - 1494.574 ms[39m
[35m[39m
2024-05-03 19:34:47:3447 [35mhttp[39m: [35m::1 GET /products 304 - - 384.319 ms[39m
[35m[39m
2024-05-03 19:35:13:3513 [35mhttp[39m: [35m::1 GET /products 304 - - 164.878 ms[39m
[35m[39m
2024-05-03 19:39:20:3920 [35mhttp[39m: [35m::1 GET /products 304 - - 1018.992 ms[39m
[35m[39m
2024-05-03 19:39:21:3921 [35mhttp[39m: [35m::1 GET /products 304 - - 403.633 ms[39m
[35m[39m
2024-05-03 19:40:20:4020 [35mhttp[39m: [35m::1 GET /products 304 - - 2575.868 ms[39m
[35m[39m
2024-05-03 19:40:22:4022 [35mhttp[39m: [35m::1 GET /products 304 - - 832.781 ms[39m
[35m[39m
2024-05-03 19:40:31:4031 [35mhttp[39m: [35m::1 GET /products 304 - - 181.205 ms[39m
[35m[39m
2024-05-03 19:41:34:4134 [35mhttp[39m: [35m::1 GET /products 304 - - 558.853 ms[39m
[35m[39m
2024-05-03 19:42:46:4246 [35mhttp[39m: [35m::1 GET /products 304 - - 1885.361 ms[39m
[35m[39m
2024-05-03 19:42:47:4247 [35mhttp[39m: [35m::1 GET /products 304 - - 778.889 ms[39m
[35m[39m
2024-05-03 19:43:10:4310 [35mhttp[39m: [35m::1 GET /products 304 - - 285.303 ms[39m
[35m[39m
2024-05-03 19:44:01:441 [35mhttp[39m: [35m::1 GET /products 304 - - 492.341 ms[39m
[35m[39m
2024-05-03 19:44:02:442 [35mhttp[39m: [35m::1 GET /products 304 - - 269.050 ms[39m
[35m[39m
2024-05-03 19:46:44:4644 [35mhttp[39m: [35m::1 GET /products 304 - - 579.158 ms[39m
[35m[39m
2024-05-03 19:46:44:4644 [35mhttp[39m: [35m::1 GET /products 304 - - 105.119 ms[39m
[35m[39m
2024-05-03 19:47:09:479 [35mhttp[39m: [35m::1 GET /products 304 - - 506.819 ms[39m
[35m[39m
2024-05-03 19:47:09:479 [35mhttp[39m: [35m::1 GET /products 304 - - 171.568 ms[39m
[35m[39m
2024-05-03 19:48:04:484 [32minfo[39m: [32mServer is running on port 3001[39m
2024-05-03 19:48:10:4810 [35mhttp[39m: [35m::1 GET /products 304 - - 966.472 ms[39m
[35m[39m
2024-05-03 19:48:10:4810 [35mhttp[39m: [35m::1 GET /products 304 - - 367.183 ms[39m
[35m[39m
2024-05-03 19:53:37:5337 [35mhttp[39m: [35m::1 GET /products 304 - - 462.962 ms[39m
[35m[39m
2024-05-03 19:53:37:5337 [35mhttp[39m: [35m::1 GET /products 304 - - 262.679 ms[39m
[35m[39m
2024-05-03 19:55:45:5545 [35mhttp[39m: [35m::1 GET /products - - - - ms[39m
[35m[39m
2024-05-03 19:55:50:5550 [35mhttp[39m: [35m::1 GET /products 200 2938105 - 402.258 ms[39m
[35m[39m
2024-05-03 19:55:50:5550 [35mhttp[39m: [35m::1 GET /products 304 - - 296.227 ms[39m
[35m[39m
2024-05-03 20:00:57:057 [35mhttp[39m: [35m::1 GET /products 304 - - 1754.511 ms[39m
[35m[39m
2024-05-03 20:00:57:057 [35mhttp[39m: [35m::1 GET /products 304 - - 193.870 ms[39m
[35m[39m
2024-05-03 20:03:11:311 [35mhttp[39m: [35m::1 GET /products 304 - - 1365.000 ms[39m
[35m[39m
2024-05-03 20:03:11:311 [35mhttp[39m: [35m::1 GET /products 304 - - 328.009 ms[39m
[35m[39m
2024-05-03 20:22:42:2242 [35mhttp[39m: [35m::1 GET /products 200 2938105 - 7429.977 ms[39m
[35m[39m
2024-05-03 20:23:22:2322 [35mhttp[39m: [35m::1 GET /products 304 - - 259.802 ms[39m
[35m[39m
2024-05-03 20:23:22:2322 [35mhttp[39m: [35m::1 GET /products 304 - - 110.877 ms[39m
[35m[39m
2024-05-03 20:25:01:251 [35mhttp[39m: [35m::1 GET /products 304 - - 271.479 ms[39m
[35m[39m
2024-05-03 20:25:03:253 [35mhttp[39m: [35m::1 GET /products 304 - - 142.107 ms[39m
[35m[39m
2024-05-03 20:25:03:253 [35mhttp[39m: [35m::1 GET /products 304 - - 110.055 ms[39m
[35m[39m
2024-05-03 20:25:58:2558 [35mhttp[39m: [35m::1 GET /products 304 - - 419.971 ms[39m
[35m[39m
2024-05-03 20:25:59:2559 [35mhttp[39m: [35m::1 GET /products 304 - - 598.488 ms[39m
[35m[39m
2024-05-03 20:26:34:2634 [35mhttp[39m: [35m::1 GET /products 304 - - 1623.632 ms[39m
[35m[39m
2024-05-03 20:26:41:2641 [35mhttp[39m: [35m::1 GET /products 304 - - 589.074 ms[39m
[35m[39m
2024-05-03 20:26:51:2651 [35mhttp[39m: [35m::1 GET /products 304 - - 157.473 ms[39m
[35m[39m
2024-05-03 20:29:25:2925 [35mhttp[39m: [35m::1 GET /products 304 - - 354.873 ms[39m
[35m[39m
2024-05-03 20:30:47:3047 [35mhttp[39m: [35m::1 GET /products 304 - - 444.326 ms[39m
[35m[39m
2024-05-03 20:31:11:3111 [35mhttp[39m: [35m::1 GET /products 304 - - 207.507 ms[39m
[35m[39m
2024-05-03 20:31:12:3112 [35mhttp[39m: [35m::1 GET /products 304 - - 137.153 ms[39m
[35m[39m
2024-05-03 20:31:55:3155 [35mhttp[39m: [35m::1 GET /products - - - - ms[39m
[35m[39m
2024-05-03 20:31:59:3159 [35mhttp[39m: [35m::1 GET /products 200 2938105 - 2716.089 ms[39m
[35m[39m
2024-05-03 20:31:59:3159 [35mhttp[39m: [35m::1 GET /products 304 - - 371.087 ms[39m
[35m[39m
2024-05-03 20:37:04:374 [35mhttp[39m: [35m::1 GET /products 304 - - 8535.169 ms[39m
[35m[39m
2024-05-03 20:37:18:3718 [35mhttp[39m: [35m::1 GET /products 304 - - 352.796 ms[39m
[35m[39m
2024-05-03 20:38:10:3810 [35mhttp[39m: [35m::1 GET /products 304 - - 1183.786 ms[39m
[35m[39m
2024-05-03 20:38:10:3810 [35mhttp[39m: [35m::1 GET /products 304 - - 266.479 ms[39m
[35m[39m
2024-05-03 20:38:18:3818 [35mhttp[39m: [35m::1 GET /products 304 - - 303.576 ms[39m
[35m[39m
2024-05-03 20:38:18:3818 [35mhttp[39m: [35m::1 GET /products 304 - - 92.377 ms[39m
[35m[39m
2024-05-03 20:38:54:3854 [35mhttp[39m: [35m::1 GET /products 304 - - 3375.235 ms[39m
[35m[39m
2024-05-06 11:13:50:1350 [32minfo[39m: [32mServer is running on port 3001[39m
2024-05-06 11:14:02:142 [35mhttp[39m: [35m::1 GET /products 200 2938105 - 536.721 ms[39m
[35m[39m
2024-05-06 11:14:02:142 [35mhttp[39m: [35m::1 GET /products 304 - - 216.831 ms[39m
[35m[39m
2024-05-06 11:14:35:1435 [35mhttp[39m: [35m::1 GET /products 304 - - 443.161 ms[39m
[35m[39m
2024-05-06 11:31:13:3113 [35mhttp[39m: [35m::1 GET /products 304 - - 2016.221 ms[39m
[35m[39m
2024-05-06 11:31:23:3123 [35mhttp[39m: [35m::1 GET /products 304 - - 450.516 ms[39m
[35m[39m
2024-05-06 12:22:27:2227 [35mhttp[39m: [35m::1 GET /products 200 2938105 - 1868.990 ms[39m
[35m[39m
2024-05-06 12:22:27:2227 [35mhttp[39m: [35m::1 GET /products 304 - - 237.294 ms[39m
[35m[39m
2024-05-06 16:19:03:193 [35mhttp[39m: [35m::1 GET /products 200 2938105 - 874.667 ms[39m
[35m[39m
2024-05-06 16:19:03:193 [35mhttp[39m: [35m::1 GET /products 304 - - 383.133 ms[39m
[35m[39m
2024-05-06 16:25:20:2520 [35mhttp[39m: [35m::1 GET /products 304 - - 1101.719 ms[39m
[35m[39m
2024-05-06 16:25:20:2520 [35mhttp[39m: [35m::1 GET /products 304 - - 186.824 ms[39m
[35m[39m
2024-05-06 19:08:44:844 [35mhttp[39m: [35m::1 GET /products 200 2938105 - 1362.127 ms[39m
[35m[39m
2024-05-06 19:08:45:845 [35mhttp[39m: [35m::1 GET /products 304 - - 264.380 ms[39m
[35m[39m
2024-05-08 15:36:34:3634 [35mhttp[39m: [35m::1 GET /products - - - - ms[39m
[35m[39m
2024-05-14 13:36:06:366 [32minfo[39m: [32mServer is running on port 3000[39m
2024-05-14 13:37:05:375 [35mhttp[39m: [35m::1 GET /products 200 2938105 - 1350.963 ms[39m
[35m[39m
2024-05-14 13:37:30:3730 [35mhttp[39m: [35m::1 GET /products 304 - - 862.153 ms[39m
[35m[39m
2024-05-14 13:37:30:3730 [35mhttp[39m: [35m::1 GET /products 304 - - 768.013 ms[39m
[35m[39m
2024-05-14 13:50:05:505 [35mhttp[39m: [35m::1 GET /products 304 - - 551.775 ms[39m
[35m[39m
2024-05-14 13:50:05:505 [35mhttp[39m: [35m::1 GET /products 304 - - 580.060 ms[39m
[35m[39m
2024-05-15 14:59:01:591 [32minfo[39m: [32mServer is running on port 3000[39m
2024-05-15 14:59:04:594 [35mhttp[39m: [35m::1 GET /products 200 2938105 - 363.396 ms[39m
[35m[39m
2024-05-15 14:59:04:594 [35mhttp[39m: [35m::1 GET /products 304 - - 265.506 ms[39m
[35m[39m
2024-05-15 14:59:11:5911 [35mhttp[39m: [35m::1 GET /products 304 - - 154.469 ms[39m
[35m[39m
2024-05-15 14:59:11:5911 [35mhttp[39m: [35m::1 GET /products 304 - - 118.087 ms[39m
[35m[39m
2024-05-15 14:59:21:5921 [35mhttp[39m: [35m::1 GET /products 304 - - 137.414 ms[39m
[35m[39m
2024-05-15 14:59:21:5921 [35mhttp[39m: [35m::1 GET /products 304 - - 271.543 ms[39m
[35m[39m
2024-05-15 15:00:04:04 [32minfo[39m: [32mServer is running on port 3000[39m
2024-05-15 15:00:09:09 [35mhttp[39m: [35m::1 GET /products 404 147 - 3.356 ms[39m
[35m[39m
2024-05-15 15:00:09:09 [35mhttp[39m: [35m::1 GET /products 404 147 - 2.689 ms[39m
[35m[39m
2024-05-15 15:00:13:013 [35mhttp[39m: [35m::1 GET /products 404 147 - 0.463 ms[39m
[35m[39m
2024-05-15 15:00:13:013 [35mhttp[39m: [35m::1 GET /products 404 147 - 0.886 ms[39m
[35m[39m
2024-05-15 15:00:27:027 [32minfo[39m: [32mServer is running on port 3000[39m
2024-05-15 15:00:35:035 [35mhttp[39m: [35m::1 GET /products 200 2938105 - 269.097 ms[39m
[35m[39m
2024-05-15 15:00:35:035 [35mhttp[39m: [35m::1 GET /products 304 - - 167.451 ms[39m
[35m[39m
2024-05-15 15:01:15:115 [35mhttp[39m: [35m::1 GET /products 304 - - 252.706 ms[39m
[35m[39m
2024-05-15 15:01:16:116 [35mhttp[39m: [35m::1 GET /products 304 - - 149.637 ms[39m
[35m[39m
2024-05-15 15:01:27:127 [35mhttp[39m: [35m::1 GET /products 304 - - 123.835 ms[39m
[35m[39m
2024-05-15 15:01:27:127 [35mhttp[39m: [35m::1 GET /products 304 - - 212.792 ms[39m
[35m[39m
2024-05-15 15:01:41:141 [35mhttp[39m: [35m::1 GET /products 304 - - 324.191 ms[39m
[35m[39m
2024-05-15 15:01:42:142 [35mhttp[39m: [35m::1 GET /products 304 - - 297.129 ms[39m
[35m[39m
2024-05-15 15:01:48:148 [32minfo[39m: [32mServer is running on port 3000[39m
2024-05-15 15:01:50:150 [35mhttp[39m: [35m::1 GET /products 304 - - 219.885 ms[39m
[35m[39m
2024-05-15 15:01:50:150 [35mhttp[39m: [35m::1 GET /products 304 - - 134.537 ms[39m
[35m[39m
2024-05-15 15:02:41:241 [35mhttp[39m: [35m::1 GET /products 200 2938105 - 101.485 ms[39m
[35m[39m
2024-05-15 15:02:41:241 [35mhttp[39m: [35m::1 GET /products 304 - - 108.242 ms[39m
[35m[39m
2024-05-15 15:02:44:244 [35mhttp[39m: [35m::1 GET /products 304 - - 94.026 ms[39m
[35m[39m
2024-05-15 15:02:44:244 [35mhttp[39m: [35m::1 GET /products 304 - - 114.000 ms[39m
[35m[39m
2024-05-15 15:03:00:30 [35mhttp[39m: [35m::1 GET /products 304 - - 111.189 ms[39m
[35m[39m
2024-05-15 15:03:00:30 [35mhttp[39m: [35m::1 GET /products 304 - - 191.137 ms[39m
[35m[39m
2024-05-15 15:03:55:355 [32minfo[39m: [32mServer is running on port 3000[39m
2024-05-15 15:04:43:443 [32minfo[39m: [32mServer is running on port 3000[39m
2024-05-15 15:04:53:453 [35mhttp[39m: [35m::1 GET /products 304 - - 121.345 ms[39m
[35m[39m
2024-05-15 15:04:53:453 [35mhttp[39m: [35m::1 GET /products 304 - - 162.417 ms[39m
[35m[39m
2024-05-15 15:05:04:54 [32minfo[39m: [32mServer is running on port 3000[39m
2024-05-15 15:05:06:56 [35mhttp[39m: [35m::1 GET /products 304 - - 159.890 ms[39m
[35m[39m
2024-05-15 15:05:06:56 [35mhttp[39m: [35m::1 GET /products 304 - - 231.264 ms[39m
[35m[39m
2024-05-15 15:06:04:64 [32minfo[39m: [32mServer is running on port 3000[39m
2024-05-15 15:06:16:616 [35mhttp[39m: [35m::1 GET /products 200 2938105 - 162.282 ms[39m
[35m[39m
2024-05-15 15:06:16:616 [35mhttp[39m: [35m::1 GET /products 304 - - 160.701 ms[39m
[35m[39m
2024-05-15 15:07:04:74 [35mhttp[39m: [35m::1 GET / 200 45 - 67.953 ms[39m
[35m[39m
2024-05-15 15:07:10:710 [35mhttp[39m: [35m::1 GET / 304 - - 24.413 ms[39m
[35m[39m
2024-05-15 15:07:10:710 [35mhttp[39m: [35m::1 GET / 304 - - 56.819 ms[39m
[35m[39m
2024-05-15 15:07:29:729 [32minfo[39m: [32mServer is running on port 3000[39m
2024-05-15 15:07:32:732 [35mhttp[39m: [35m::1 GET / 304 - - 19.011 ms[39m
[35m[39m
2024-05-15 15:07:32:732 [35mhttp[39m: [35m::1 GET / 304 - - 32.200 ms[39m
[35m[39m
2024-05-15 15:07:46:746 [35mhttp[39m: [35m::1 GET / 304 - - 11.103 ms[39m
[35m[39m
2024-05-15 15:07:48:748 [35mhttp[39m: [35m::1 GET /status 200 36 - 77.788 ms[39m
[35m[39m
2024-05-15 15:07:48:748 [35mhttp[39m: [35m::1 GET /favicon.ico 404 150 - 1.679 ms[39m
[35m[39m
2024-05-15 15:13:35:1335 [32minfo[39m: [32mServer is running on port 3000[39m
2024-05-15 15:42:43:4243 [32minfo[39m: [32mServer is running on port 3000[39m
2024-05-15 15:45:14:4514 [32minfo[39m: [32mServer is running on port 3000[39m
2024-05-15 15:45:21:4521 [35mhttp[39m: [35m::1 GET /ingredients?include=chicken&exclude=fish 200 198817 - 119.554 ms[39m
[35m[39m
2024-05-15 15:45:40:4540 [35mhttp[39m: [35m::1 GET /ingredients?include=chicken,%20taurine&exclude=fish,biotin 200 18052 - 92.429 ms[39m
[35m[39m
2024-05-15 15:46:13:4613 [35mhttp[39m: [35m::1 GET /ingredients?include=chicken,taurine&exclude=fish,biotin 200 22749 - 56.431 ms[39m
[35m[39m
2024-05-15 15:46:54:4654 [35mhttp[39m: [35m::1 GET /ingredients?include=chicken,taurine 200 468902 - 122.681 ms[39m
[35m[39m
2024-05-15 15:47:13:4713 [35mhttp[39m: [35m::1 GET / 304 - - 91.705 ms[39m
[35m[39m
2024-05-15 15:47:13:4713 [35mhttp[39m: [35m::1 GET / 304 - - 21.812 ms[39m
[35m[39m
2024-05-15 15:47:21:4721 [35mhttp[39m: [35m::1 GET /ingredients?include=chicken,taurine,iodide 200 544881 - 114.874 ms[39m
[35m[39m
2024-05-15 15:47:31:4731 [35mhttp[39m: [35m::1 GET /ingredients?include=chicken,taurine,iodide,tuna 200 544881 - 82.991 ms[39m
[35m[39m
2024-05-15 15:47:41:4741 [35mhttp[39m: [35m::1 GET /ingredients?include=chicken,taurine,iodide,tuna,beef,liver 200 554722 - 111.061 ms[39m
[35m[39m
2024-05-15 15:48:07:487 [35mhttp[39m: [35m::1 GET /ingredients?include=chicken,taurine,iodide,tuna,beef,liver&exclude=water 200 512143 - 144.957 ms[39m
[35m[39m
2024-05-15 15:48:19:4819 [35mhttp[39m: [35m::1 GET /ingredients?include=chicken,taurine,iodide,tuna,beef,liver&exclude=water,vitamin 200 112040 - 82.993 ms[39m
[35m[39m
2024-05-15 15:49:11:4911 [35mhttp[39m: [35m::1 GET /ingredients?include=chicken,taurine,iodide,tuna,beef,liver&exclude=water,vitamin 304 - - 211.229 ms[39m
[35m[39m
2024-05-15 15:49:35:4935 [32minfo[39m: [32mServer is running on port 3000[39m
2024-05-15 15:49:41:4941 [35mhttp[39m: [35m::1 GET /ingredients?include=chicken,taurine,iodide,tuna,beef,liver&exclude=water,vitamin 304 - - 118.135 ms[39m
[35m[39m
2024-05-15 15:49:46:4946 [35mhttp[39m: [35m::1 GET /ingredients?include=chicken,taurine,iodide,tuna,beef,liver&exclude=water 304 - - 111.572 ms[39m
[35m[39m
2024-05-15 15:49:50:4950 [35mhttp[39m: [35m::1 GET /ingredients?include=chicken,taurine,iodide,tuna,beef,liver 304 - - 114.056 ms[39m
[35m[39m
2024-05-15 15:51:20:5120 [32minfo[39m: [32mServer is running on port 3000[39m
2024-05-15 15:51:25:5125 [35mhttp[39m: [35m::1 GET /ingredients?include=chicken,taurine,iodide,tuna,beef,liver 304 - - 178.580 ms[39m
[35m[39m
2024-05-15 15:51:43:5143 [35mhttp[39m: [35m::1 GET /ingredients?include=chicken,taurine,iodide,tuna,beef,liver&exclude=folic 200 116729 - 75.672 ms[39m
[35m[39m
2024-05-15 15:52:27:5227 [32minfo[39m: [32mServer is running on port 3000[39m
2024-05-15 15:52:39:5239 [35mhttp[39m: [35m::1 GET /ingredients?include=chicken,taurine,iodide,tuna,beef,liver&exclude=folic 200 124114 - 89.944 ms[39m
[35m[39m
2024-05-15 15:52:51:5251 [35mhttp[39m: [35m::1 GET /ingredients?include=chicken,taurine,iodide,tuna,beef,liver 200 2928843 - 179.632 ms[39m
[35m[39m
2024-05-15 15:54:24:5424 [32minfo[39m: [32mServer is running on port 3000[39m
2024-05-15 15:54:28:5428 [35mhttp[39m: [35m::1 GET /ingredients 200 2938105 - 276.277 ms[39m
[35m[39m
2024-05-15 15:55:25:5525 [35mhttp[39m: [35m::1 GET /ingredients 304 - - 120.908 ms[39m
[35m[39m
2024-05-15 15:56:36:5636 [32minfo[39m: [32mServer is running on port 3000[39m
2024-05-15 15:57:24:5724 [32minfo[39m: [32mServer is running on port 3000[39m
2024-05-15 15:57:29:5729 [35mhttp[39m: [35m::1 GET /ingredients?exclude=tuna 200 2424993 - 250.879 ms[39m
[35m[39m
2024-05-15 15:57:37:5737 [35mhttp[39m: [35m::1 GET /ingredients 304 - - 106.161 ms[39m
[35m[39m
2024-05-15 15:58:38:5838 [35mhttp[39m: [35m::1 GET /ingredients?include=Cholecalciferol 200 45812 - 76.512 ms[39m
[35m[39m
2024-05-15 15:59:13:5913 [35mhttp[39m: [35m::1 GET /ingredients?include=broth 200 1288093 - 130.519 ms[39m
[35m[39m
2024-05-15 16:11:04:114 [35mhttp[39m: [35m::1 GET / 200 45 - 21.128 ms[39m
[35m[39m
2024-05-15 16:11:04:114 [35mhttp[39m: [35m::1 GET / 304 - - 13.690 ms[39m
[35m[39m
2024-05-15 16:11:23:1123 [35mhttp[39m: [35m::1 GET / 304 - - 20.353 ms[39m
[35m[39m
2024-05-15 16:11:23:1123 [35mhttp[39m: [35m::1 GET / 304 - - 36.172 ms[39m
[35m[39m
2024-05-15 16:11:32:1132 [35mhttp[39m: [35m::1 GET / 304 - - 4.971 ms[39m
[35m[39m
2024-05-15 16:11:32:1132 [35mhttp[39m: [35m::1 GET / 304 - - 6.056 ms[39m
[35m[39m
2024-05-15 16:11:53:1153 [35mhttp[39m: [35m::1 GET /ingredients 200 2938105 - 488.007 ms[39m
[35m[39m
2024-05-15 16:11:54:1154 [35mhttp[39m: [35m::1 GET /ingredients 304 - - 334.121 ms[39m
[35m[39m
2024-05-15 16:13:20:1320 [35mhttp[39m: [35m::1 GET /ingredients 304 - - 166.605 ms[39m
[35m[39m
2024-05-15 16:14:00:140 [35mhttp[39m: [35m::1 GET /ingredients 304 - - 468.111 ms[39m
[35m[39m
2024-05-15 16:14:22:1422 [35mhttp[39m: [35m::1 GET /ingredients 304 - - 213.792 ms[39m
[35m[39m
2024-05-15 16:14:46:1446 [35mhttp[39m: [35m::1 GET /ingredients 304 - - 146.428 ms[39m
[35m[39m
2024-05-15 16:15:03:153 [35mhttp[39m: [35m::1 GET /ingredients 304 - - 476.288 ms[39m
[35m[39m
2024-05-15 16:15:57:1557 [35mhttp[39m: [35m::1 GET /ingredients 304 - - 92.135 ms[39m
[35m[39m
2024-05-16 10:49:51:4951 [32minfo[39m: [32mServer is running on port 3000[39m
2024-05-16 10:51:43:5143 [35mhttp[39m: [35m::1 GET /ingredients 200 2 - 102.683 ms[39m
[35m[39m
2024-05-16 10:51:43:5143 [35mhttp[39m: [35m::1 GET /ingredients 304 - - 86.643 ms[39m
[35m[39m
2024-05-16 10:51:53:5153 [35mhttp[39m: [35m::1 GET /ingredients 304 - - 33.738 ms[39m
[35m[39m
2024-05-16 10:51:53:5153 [35mhttp[39m: [35m::1 GET /ingredients 304 - - 10.294 ms[39m
[35m[39m
2024-05-16 10:53:10:5310 [35mhttp[39m: [35m::1 GET /ingredients 304 - - 116.904 ms[39m
[35m[39m
2024-05-16 10:53:10:5310 [35mhttp[39m: [35m::1 GET /ingredients 304 - - 2.297 ms[39m
[35m[39m
2024-05-16 10:53:56:5356 [35mhttp[39m: [35m::1 GET /ingredients 304 - - 48.224 ms[39m
[35m[39m
2024-05-16 10:53:56:5356 [35mhttp[39m: [35m::1 GET /ingredients 304 - - 2.732 ms[39m
[35m[39m
2024-05-16 10:55:06:556 [32minfo[39m: [32mServer is running on port 3000[39m
2024-05-16 10:55:09:559 [35mhttp[39m: [35m::1 GET /ingredients 304 - - 115.752 ms[39m
[35m[39m
2024-05-16 10:55:09:559 [35mhttp[39m: [35m::1 GET /ingredients 304 - - 4.507 ms[39m
[35m[39m
2024-05-16 10:55:20:5520 [35mhttp[39m: [35m::1 GET / 304 - - 17.227 ms[39m
[35m[39m
2024-05-16 10:55:23:5523 [35mhttp[39m: [35m::1 GET /favicon.ico 404 150 - 8.344 ms[39m
[35m[39m
2024-05-16 10:55:27:5527 [35mhttp[39m: [35m::1 GET /ingredients 304 - - 100.577 ms[39m
[35m[39m
2024-05-16 10:55:27:5527 [35mhttp[39m: [35m::1 GET /ingredients 304 - - 12.427 ms[39m
[35m[39m
2024-05-16 10:56:02:562 [35mhttp[39m: [35m::1 GET /status 200 36 - 22.203 ms[39m
[35m[39m
2024-05-16 10:56:51:5651 [35mhttp[39m: [35m::1 GET /status 200 36 - 15.607 ms[39m
[35m[39m
2024-05-16 10:56:57:5657 [35mhttp[39m: [35m::1 GET /ingredients 304 - - 20.997 ms[39m
[35m[39m
2024-05-16 10:56:57:5657 [35mhttp[39m: [35m::1 GET /ingredients 304 - - 3.257 ms[39m
[35m[39m
2024-05-16 10:56:58:5658 [35mhttp[39m: [35m::1 GET /ingredients 304 - - 79.440 ms[39m
[35m[39m
2024-05-16 10:56:58:5658 [35mhttp[39m: [35m::1 GET /ingredients 304 - - 2.964 ms[39m
[35m[39m
2024-05-16 11:15:26:1526 [35mhttp[39m: [35m::1 GET /ingredients 200 2938105 - 339.363 ms[39m
[35m[39m
2024-05-16 11:15:27:1527 [35mhttp[39m: [35m::1 GET /ingredients 304 - - 465.506 ms[39m
[35m[39m
2024-05-16 11:15:37:1537 [35mhttp[39m: [35m::1 GET /ingredients 304 - - 176.176 ms[39m
[35m[39m
2024-05-16 11:15:37:1537 [35mhttp[39m: [35m::1 GET /ingredients 304 - - 252.091 ms[39m
[35m[39m
2024-05-16 11:47:52:4752 [35mhttp[39m: [35m::1 GET /ingredients 304 - - 444.078 ms[39m
[35m[39m
2024-05-16 11:47:52:4752 [35mhttp[39m: [35m::1 GET /ingredients 200 2938105 - 420.098 ms[39m
[35m[39m
2024-05-16 13:26:50:2650 [35mhttp[39m: [35m::1 GET /ingredients 200 2938105 - 260.929 ms[39m
[35m[39m
2024-05-16 13:26:57:2657 [35mhttp[39m: [35m::1 GET /ingredients 304 - - 364.511 ms[39m
[35m[39m
2024-05-16 13:27:30:2730 [35mhttp[39m: [35m::1 GET /ingredients 304 - - 205.470 ms[39m
[35m[39m
2024-05-16 13:27:33:2733 [35mhttp[39m: [35m::1 GET /ingredients 304 - - 190.128 ms[39m
[35m[39m
2024-05-16 13:27:33:2733 [35mhttp[39m: [35m::1 GET /ingredients 304 - - 143.412 ms[39m
[35m[39m
2024-05-16 13:30:00:300 [35mhttp[39m: [35m::1 GET /ingredients 304 - - 90.224 ms[39m
[35m[39m
2024-05-16 13:30:49:3049 [35mhttp[39m: [35m::1 GET /ingredients 304 - - 108.857 ms[39m
[35m[39m
2024-05-16 13:31:08:318 [35mhttp[39m: [35m::1 GET /ingredients 304 - - 89.652 ms[39m
[35m[39m
2024-05-16 13:31:21:3121 [35mhttp[39m: [35m::1 GET /ingredients 304 - - 323.910 ms[39m
[35m[39m
2024-05-16 13:31:27:3127 [35mhttp[39m: [35m::1 GET /ingredients 304 - - 132.687 ms[39m
[35m[39m
2024-05-16 13:31:27:3127 [35mhttp[39m: [35m::1 GET /ingredients 304 - - 123.481 ms[39m
[35m[39m
2024-05-16 13:31:34:3134 [35mhttp[39m: [35m::1 GET /ingredients 304 - - 154.974 ms[39m
[35m[39m
2024-05-16 13:32:53:3253 [35mhttp[39m: [35m::1 GET /ingredients 304 - - 98.322 ms[39m
[35m[39m
2024-05-16 13:44:26:4426 [35mhttp[39m: [35m::1 GET /ingredients 200 2938105 - 138.641 ms[39m
[35m[39m
2024-05-16 13:45:06:456 [35mhttp[39m: [35m::1 GET /ingredients 304 - - 97.395 ms[39m
[35m[39m
2024-05-16 13:45:24:4524 [35mhttp[39m: [35m::1 GET /ingredients 304 - - 280.553 ms[39m
[35m[39m
2024-05-16 13:45:30:4530 [35mhttp[39m: [35m::1 GET /ingredients 304 - - 74.707 ms[39m
[35m[39m
2024-05-16 13:46:55:4655 [35mhttp[39m: [35m::1 GET /ingredients 304 - - 333.928 ms[39m
[35m[39m
2024-05-16 13:47:30:4730 [35mhttp[39m: [35m::1 GET /ingredients 304 - - 234.614 ms[39m
[35m[39m
2024-05-16 14:01:55:155 [35mhttp[39m: [35m::1 GET /ingredients 304 - - 531.842 ms[39m
[35m[39m
2024-05-16 14:01:56:156 [35mhttp[39m: [35m::1 GET /ingredients 304 - - 210.068 ms[39m
[35m[39m
2024-05-16 14:20:51:2051 [35mhttp[39m: [35m::1 GET /ingredients 304 - - 138.911 ms[39m
[35m[39m
2024-05-16 14:20:51:2051 [35mhttp[39m: [35m::1 GET /ingredients 304 - - 143.863 ms[39m
[35m[39m
2024-05-16 14:36:07:367 [35mhttp[39m: [35m::1 GET /ingredients 304 - - 487.127 ms[39m
[35m[39m
2024-05-16 14:36:07:367 [35mhttp[39m: [35m::1 GET /ingredients 200 2938105 - 341.270 ms[39m
[35m[39m
2024-05-16 14:41:42:4142 [32minfo[39m: [32mServer is running on port 3000[39m
2024-05-16 14:46:01:461 [32minfo[39m: [32mServer is running on port 3000[39m
2024-05-16 14:52:09:529 [35mhttp[39m: [35m::1 GET /ingredients - - - - ms[39m
[35m[39m
2024-05-16 14:52:11:5211 [35mhttp[39m: [35m::1 GET /ingredients 304 - - 263.524 ms[39m
[35m[39m
2024-05-16 14:52:11:5211 [35mhttp[39m: [35m::1 GET /ingredients 200 2938105 - 148.441 ms[39m
[35m[39m
2024-05-16 14:52:54:5254 [35mhttp[39m: [35m::1 GET /ingredients 304 - - 174.501 ms[39m
[35m[39m
2024-05-16 14:52:55:5255 [35mhttp[39m: [35m::1 GET /ingredients 304 - - 331.804 ms[39m
[35m[39m
2024-05-16 14:53:07:537 [35mhttp[39m: [35m::1 GET /ingredients 304 - - 182.165 ms[39m
[35m[39m
2024-05-16 14:53:07:537 [35mhttp[39m: [35m::1 GET /ingredients 304 - - 217.348 ms[39m
[35m[39m
2024-05-16 14:53:11:5311 [35mhttp[39m: [35m::1 GET /ingredients 304 - - 179.021 ms[39m
[35m[39m
2024-05-16 14:53:11:5311 [35mhttp[39m: [35m::1 GET /ingredients 304 - - 182.752 ms[39m
[35m[39m
2024-05-16 14:56:18:5618 [35mhttp[39m: [35m::1 GET /ingredients 304 - - 399.105 ms[39m
[35m[39m
2024-05-16 14:56:18:5618 [35mhttp[39m: [35m::1 GET /ingredients 304 - - 239.210 ms[39m
[35m[39m
2024-05-16 14:57:46:5746 [35mhttp[39m: [35m::1 GET /ingredients 304 - - 452.611 ms[39m
[35m[39m
2024-05-16 14:57:46:5746 [35mhttp[39m: [35m::1 GET /ingredients 304 - - 697.605 ms[39m
[35m[39m
2024-05-16 14:58:58:5858 [35mhttp[39m: [35m::1 GET /ingredients 304 - - 264.928 ms[39m
[35m[39m
2024-05-16 14:58:58:5858 [35mhttp[39m: [35m::1 GET /ingredients 304 - - 130.368 ms[39m
[35m[39m
2024-05-16 15:05:13:513 [32minfo[39m: [32mServer is running on port 3000[39m
2024-05-16 15:05:18:518 [35mhttp[39m: [35m::1 GET /ingredients 304 - - 584.601 ms[39m
[35m[39m
2024-05-16 15:05:18:518 [35mhttp[39m: [35m::1 GET /ingredients 304 - - 168.152 ms[39m
[35m[39m
2024-05-16 15:05:41:541 [35mhttp[39m: [35m::1 GET /ingredients 304 - - 270.036 ms[39m
[35m[39m
2024-05-16 15:05:41:541 [35mhttp[39m: [35m::1 GET /ingredients 304 - - 385.023 ms[39m
[35m[39m
2024-05-16 15:05:42:542 [35mhttp[39m: [35m::1 GET /ingredients 200 2938105 - 109.905 ms[39m
[35m[39m
2024-05-16 15:05:42:542 [35mhttp[39m: [35m::1 GET /ingredients 304 - - 250.413 ms[39m
[35m[39m
2024-05-16 15:05:49:549 [35mhttp[39m: [35m::1 GET /ingredients 304 - - 94.602 ms[39m
[35m[39m
2024-05-16 15:05:49:549 [35mhttp[39m: [35m::1 GET /ingredients 304 - - 164.382 ms[39m
[35m[39m
2024-05-16 15:07:39:739 [35mhttp[39m: [35m::1 GET /ingredients 304 - - 287.615 ms[39m
[35m[39m
2024-05-16 15:07:39:739 [35mhttp[39m: [35m::1 GET /ingredients 304 - - 406.637 ms[39m
[35m[39m
2024-05-16 15:09:49:949 [35mhttp[39m: [35m::1 GET /ingredients 304 - - 483.014 ms[39m
[35m[39m
2024-05-16 15:09:49:949 [35mhttp[39m: [35m::1 GET /ingredients 304 - - 464.861 ms[39m
[35m[39m
2024-05-16 15:11:14:1114 [35mhttp[39m: [35m::1 GET /ingredients 304 - - 280.367 ms[39m
[35m[39m
2024-05-16 15:11:14:1114 [35mhttp[39m: [35m::1 GET /ingredients 304 - - 264.189 ms[39m
[35m[39m
2024-05-16 15:11:43:1143 [35mhttp[39m: [35m::1 GET /ingredients 304 - - 302.324 ms[39m
[35m[39m
2024-05-16 15:11:43:1143 [35mhttp[39m: [35m::1 GET /ingredients 304 - - 403.905 ms[39m
[35m[39m
2024-05-16 15:12:13:1213 [32minfo[39m: [32mServer is running on port 3000[39m
2024-05-16 15:12:16:1216 [35mhttp[39m: [35m::1 GET /ingredients 304 - - 514.883 ms[39m
[35m[39m
2024-05-16 15:12:16:1216 [35mhttp[39m: [35m::1 GET /ingredients 304 - - 120.135 ms[39m
[35m[39m
2024-05-16 15:12:23:1223 [35mhttp[39m: [35m::1 GET /ingredients 304 - - 126.710 ms[39m
[35m[39m
2024-05-16 15:12:23:1223 [35mhttp[39m: [35m::1 GET /ingredients 304 - - 65.723 ms[39m
[35m[39m
2024-05-16 15:12:49:1249 [35mhttp[39m: [35m::1 GET /ingredients 304 - - 290.477 ms[39m
[35m[39m
2024-05-16 15:12:50:1250 [35mhttp[39m: [35m::1 GET /ingredients 304 - - 322.528 ms[39m
[35m[39m
2024-05-16 15:14:13:1413 [35mhttp[39m: [35m::1 GET /ingredients 304 - - 241.932 ms[39m
[35m[39m
2024-05-16 15:14:13:1413 [35mhttp[39m: [35m::1 GET /ingredients 304 - - 454.594 ms[39m
[35m[39m
2024-05-16 15:22:16:2216 [32minfo[39m: [32mServer is running on port 3000[39m
2024-05-16 15:22:21:2221 [35mhttp[39m: [35m::1 GET /ingredients 304 - - 638.552 ms[39m
[35m[39m
2024-05-16 15:22:21:2221 [35mhttp[39m: [35m::1 GET /ingredients 304 - - 353.747 ms[39m
[35m[39m
2024-05-16 15:23:08:238 [35mhttp[39m: [35m::1 GET /ingredients 304 - - 320.207 ms[39m
[35m[39m
2024-05-16 15:23:08:238 [35mhttp[39m: [35m::1 GET /ingredients 304 - - 200.088 ms[39m
[35m[39m
2024-05-16 15:23:13:2313 [35mhttp[39m: [35m::1 GET /ingredients 304 - - 112.153 ms[39m
[35m[39m
2024-05-16 15:23:13:2313 [35mhttp[39m: [35m::1 GET /ingredients 304 - - 74.860 ms[39m
[35m[39m
2024-05-16 15:35:13:3513 [35mhttp[39m: [35m::1 GET /ingredients 304 - - 1293.099 ms[39m
[35m[39m
2024-05-16 15:35:13:3513 [35mhttp[39m: [35m::1 GET /ingredients 304 - - 336.281 ms[39m
[35m[39m
2024-05-16 15:35:33:3533 [32minfo[39m: [32mServer is running on port 3000[39m
2024-05-16 15:35:37:3537 [35mhttp[39m: [35m::1 GET /ingredients 304 - - 514.482 ms[39m
[35m[39m
2024-05-16 15:35:38:3538 [35mhttp[39m: [35m::1 GET /ingredients 304 - - 552.646 ms[39m
[35m[39m
2024-05-16 15:36:30:3630 [32minfo[39m: [32mServer is running on port 3000[39m
2024-05-16 15:36:39:3639 [35mhttp[39m: [35m::1 GET /ingredients 200 2938105 - 329.802 ms[39m
[35m[39m
2024-05-16 15:36:39:3639 [35mhttp[39m: [35m::1 GET /ingredients 304 - - 343.031 ms[39m
[35m[39m
2024-05-16 15:38:22:3822 [35mhttp[39m: [35m::1 GET /ingredients 304 - - 416.327 ms[39m
[35m[39m
2024-05-16 15:38:22:3822 [35mhttp[39m: [35m::1 GET /ingredients 304 - - 308.377 ms[39m
[35m[39m
2024-05-16 15:39:19:3919 [35mhttp[39m: [35m::1 GET /ingredients 304 - - 962.393 ms[39m
[35m[39m
2024-05-16 15:39:19:3919 [35mhttp[39m: [35m::1 GET /ingredients 304 - - 402.364 ms[39m
[35m[39m
2024-05-16 15:48:16:4816 [32minfo[39m: [32mServer is running on port 3000[39m
2024-05-16 15:48:28:4828 [35mhttp[39m: [35m::1 GET /ingredients 304 - - 1303.892 ms[39m
[35m[39m
2024-05-16 15:48:29:4829 [35mhttp[39m: [35m::1 GET /ingredients 304 - - 382.635 ms[39m
[35m[39m
2024-05-16 15:54:48:5448 [35mhttp[39m: [35m::1 GET /ingredients 304 - - 448.555 ms[39m
[35m[39m
2024-05-16 15:54:48:5448 [35mhttp[39m: [35m::1 GET /ingredients 304 - - 240.639 ms[39m
[35m[39m
2024-05-16 15:55:10:5510 [35mhttp[39m: [35m::1 GET /ingredients 304 - - 166.537 ms[39m
[35m[39m
2024-05-16 15:55:15:5515 [35mhttp[39m: [35m::1 GET /ingredients 304 - - 118.694 ms[39m
[35m[39m
2024-05-16 15:55:29:5529 [35mhttp[39m: [35m::1 GET /ingredients 304 - - 1774.567 ms[39m
[35m[39m
2024-05-16 15:55:31:5531 [35mhttp[39m: [35m::1 GET /ingredients 304 - - 1656.158 ms[39m
[35m[39m
2024-05-16 15:58:29:5829 [35mhttp[39m: [35m::1 GET /ingredients 304 - - 549.189 ms[39m
[35m[39m
2024-05-16 15:58:29:5829 [35mhttp[39m: [35m::1 GET /ingredients 304 - - 384.966 ms[39m
[35m[39m
2024-05-16 15:58:42:5842 [32minfo[39m: [32mServer is running on port 3000[39m
2024-05-16 15:58:46:5846 [35mhttp[39m: [35m::1 GET /ingredients 304 - - 355.736 ms[39m
[35m[39m
2024-05-16 15:58:46:5846 [35mhttp[39m: [35m::1 GET /ingredients 304 - - 342.189 ms[39m
[35m[39m
2024-05-16 16:15:25:1525 [32minfo[39m: [32mServer is running on port 3000[39m
2024-05-16 16:15:32:1532 [35mhttp[39m: [35m::1 GET /ingredients 200 51343 - 133.296 ms[39m
[35m[39m
2024-05-16 16:15:32:1532 [35mhttp[39m: [35m::1 GET /ingredients 304 - - 6.254 ms[39m
[35m[39m
2024-05-16 16:18:47:1847 [35mhttp[39m: [35m::1 GET /ingredients 304 - - 155.117 ms[39m
[35m[39m
2024-05-16 16:18:47:1847 [35mhttp[39m: [35m::1 GET /ingredients 304 - - 22.247 ms[39m
[35m[39m
2024-05-16 16:21:16:2116 [32minfo[39m: [32mServer is running on port 3000[39m
2024-05-16 16:21:19:2119 [35mhttp[39m: [35m::1 GET /ingredients 304 - - 56.839 ms[39m
[35m[39m
2024-05-16 16:21:19:2119 [35mhttp[39m: [35m::1 GET /ingredients 304 - - 7.741 ms[39m
[35m[39m
2024-05-16 16:57:52:5752 [35mhttp[39m: [35m::1 GET /ingredients 304 - - 95.197 ms[39m
[35m[39m
2024-05-16 16:57:52:5752 [35mhttp[39m: [35m::1 GET /ingredients 304 - - 354.498 ms[39m
[35m[39m
2024-05-17 09:23:03:233 [35mhttp[39m: [35m::1 GET /ingredients 304 - - 327.925 ms[39m
[35m[39m
2024-05-17 09:23:03:233 [35mhttp[39m: [35m::1 GET /ingredients 304 - - 65.315 ms[39m
[35m[39m
2024-05-17 12:02:17:217 [35mhttp[39m: [35m::1 GET /ingredients 304 - - 174.508 ms[39m
[35m[39m
2024-05-17 12:02:17:217 [35mhttp[39m: [35m::1 GET /ingredients 304 - - 220.867 ms[39m
[35m[39m
2024-05-17 14:07:09:79 [35mhttp[39m: [35m::1 GET /ingredients 304 - - 199.892 ms[39m
[35m[39m
2024-05-17 14:07:09:79 [35mhttp[39m: [35m::1 GET /ingredients 304 - - 9.794 ms[39m
[35m[39m
2024-05-17 14:36:40:3640 [35mhttp[39m: [35m::1 GET /ingredients 304 - - 125.997 ms[39m
[35m[39m
2024-05-17 14:36:40:3640 [35mhttp[39m: [35m::1 GET /ingredients 304 - - 19.596 ms[39m
[35m[39m
2024-05-17 15:44:34:4434 [35mhttp[39m: [35m::1 GET /ingredients 304 - - 353.654 ms[39m
[35m[39m
2024-05-17 15:44:34:4434 [35mhttp[39m: [35m::1 GET /ingredients 304 - - 52.764 ms[39m
[35m[39m
2024-05-17 16:59:40:5940 [35mhttp[39m: [35m::1 GET /ingredients 304 - - 113.141 ms[39m
[35m[39m
2024-05-17 16:59:40:5940 [35mhttp[39m: [35m::1 GET /ingredients 304 - - 7.021 ms[39m
[35m[39m
2024-05-20 14:29:10:2910 [35mhttp[39m: [35m::1 GET /ingredients 200 51343 - 246.317 ms[39m
[35m[39m
2024-05-20 14:29:11:2911 [35mhttp[39m: [35m::1 GET /ingredients 304 - - 85.635 ms[39m
[35m[39m
2024-05-20 15:38:50:3850 [35mhttp[39m: [35m::1 GET /ingredients 304 - - 63.152 ms[39m
[35m[39m
2024-05-20 15:38:50:3850 [35mhttp[39m: [35m::1 GET /ingredients 304 - - 115.813 ms[39m
[35m[39m
2024-05-20 16:51:42:5142 [35mhttp[39m: [35m::1 GET /ingredients 304 - - 52.053 ms[39m
[35m[39m
2024-05-20 16:51:42:5142 [35mhttp[39m: [35m::1 GET /ingredients 304 - - 124.289 ms[39m
[35m[39m
2024-05-21 10:14:41:1441 [35mhttp[39m: [35m::1 GET /ingredients 304 - - 225.678 ms[39m
[35m[39m
2024-05-21 10:14:41:1441 [35mhttp[39m: [35m::1 GET /ingredients 304 - - 5.708 ms[39m
[35m[39m
2024-05-21 10:14:45:1445 [35mhttp[39m: [35m::1 GET /ingredients 304 - - 17.908 ms[39m
[35m[39m
2024-05-21 10:14:45:1445 [35mhttp[39m: [35m::1 GET /ingredients 304 - - 5.625 ms[39m
[35m[39m
2024-05-21 10:14:55:1455 [35mhttp[39m: [35m::1 GET /ingredients 304 - - 151.979 ms[39m
[35m[39m
2024-05-21 10:14:55:1455 [35mhttp[39m: [35m::1 GET /ingredients 304 - - 13.680 ms[39m
[35m[39m
2024-05-21 11:20:18:2018 [35mhttp[39m: [35m::1 GET /ingredients 304 - - 135.936 ms[39m
[35m[39m
2024-05-21 11:20:18:2018 [35mhttp[39m: [35m::1 GET /ingredients 304 - - 151.558 ms[39m
[35m[39m
2024-05-23 12:41:43:4143 [32minfo[39m: [32mServer is running on port 3000[39m
2024-05-23 12:41:46:4146 [35mhttp[39m: [35m::1 GET /ingredients 200 51343 - 137.315 ms[39m
[35m[39m
2024-05-23 12:41:46:4146 [35mhttp[39m: [35m::1 GET /ingredients 304 - - 21.188 ms[39m
[35m[39m
